<?xml version="1.0" encoding="UTF-8"?>
<!-- Generated by org.testng.reporters.JUnitXMLReporter -->
<testsuite ignored="0" hostname="Mangesh-PC" failures="0" tests="3" name="ChromeTest" time="10.934" errors="0" timestamp="05 Dec 2018 09:46:40 GMT">
  <testcase classname="com.jbk.TestNGGrid" name="testUnameBlankMessage" time="1.175"/>
  <testcase classname="com.jbk.TestNGGrid" name="verifyTitle" time="0.028"/>
  <testcase classname="com.jbk.TestNGGrid" name="teardown" time="0.159"/>
</testsuite> <!-- ChromeTest -->
