<?xml version="1.0" encoding="UTF-8"?>
<testng-results ignored="0" total="6" passed="6" failed="0" skipped="0">
  <reporter-output>
  </reporter-output>
  <suite started-at="2018-12-05T09:46:29Z" name="Suite" finished-at="2018-12-05T09:46:47Z" duration-ms="17426">
    <groups>
    </groups>
    <test started-at="2018-12-05T09:46:29Z" name="ChromeTest" finished-at="2018-12-05T09:46:40Z" duration-ms="10934">
      <class name="com.jbk.TestNGGrid">
        <test-method is-config="true" signature="launchapp(java.lang.String)[pri:0, instance:com.jbk.TestNGGrid@342c38f8]" started-at="2018-12-05T09:46:29Z" name="launchapp" finished-at="2018-12-05T09:46:39Z" duration-ms="9499" status="PASS">
          <params>
            <param index="0">
              <value>
                <![CDATA[chrome]]>
              </value>
            </param>
          </params>
          <reporter-output>
          </reporter-output>
        </test-method> <!-- launchapp -->
        <test-method signature="testUnameBlankMessage()[pri:1, instance:com.jbk.TestNGGrid@342c38f8]" started-at="2018-12-05T09:46:39Z" name="testUnameBlankMessage" finished-at="2018-12-05T09:46:40Z" duration-ms="1175" status="PASS">
          <reporter-output>
          </reporter-output>
        </test-method> <!-- testUnameBlankMessage -->
        <test-method signature="verifyTitle()[pri:2, instance:com.jbk.TestNGGrid@342c38f8]" started-at="2018-12-05T09:46:40Z" name="verifyTitle" finished-at="2018-12-05T09:46:40Z" duration-ms="28" status="PASS">
          <reporter-output>
          </reporter-output>
        </test-method> <!-- verifyTitle -->
        <test-method signature="teardown()[pri:3, instance:com.jbk.TestNGGrid@342c38f8]" started-at="2018-12-05T09:46:40Z" name="teardown" finished-at="2018-12-05T09:46:40Z" duration-ms="159" status="PASS">
          <reporter-output>
          </reporter-output>
        </test-method> <!-- teardown -->
      </class> <!-- com.jbk.TestNGGrid -->
    </test> <!-- ChromeTest -->
    <test started-at="2018-12-05T09:46:29Z" name="FireFoxTest" finished-at="2018-12-05T09:46:47Z" duration-ms="17426">
      <class name="com.jbk.TestNGGrid">
        <test-method is-config="true" signature="launchapp(java.lang.String)[pri:0, instance:com.jbk.TestNGGrid@169e6180]" started-at="2018-12-05T09:46:29Z" name="launchapp" finished-at="2018-12-05T09:46:45Z" duration-ms="15401" status="PASS">
          <params>
            <param index="0">
              <value>
                <![CDATA[firefox]]>
              </value>
            </param>
          </params>
          <reporter-output>
          </reporter-output>
        </test-method> <!-- launchapp -->
        <test-method signature="testUnameBlankMessage()[pri:1, instance:com.jbk.TestNGGrid@169e6180]" started-at="2018-12-05T09:46:45Z" name="testUnameBlankMessage" finished-at="2018-12-05T09:46:47Z" duration-ms="1909" status="PASS">
          <reporter-output>
          </reporter-output>
        </test-method> <!-- testUnameBlankMessage -->
        <test-method signature="verifyTitle()[pri:2, instance:com.jbk.TestNGGrid@169e6180]" started-at="2018-12-05T09:46:47Z" name="verifyTitle" finished-at="2018-12-05T09:46:47Z" duration-ms="45" status="PASS">
          <reporter-output>
          </reporter-output>
        </test-method> <!-- verifyTitle -->
        <test-method signature="teardown()[pri:3, instance:com.jbk.TestNGGrid@169e6180]" started-at="2018-12-05T09:46:47Z" name="teardown" finished-at="2018-12-05T09:46:47Z" duration-ms="40" status="PASS">
          <reporter-output>
          </reporter-output>
        </test-method> <!-- teardown -->
      </class> <!-- com.jbk.TestNGGrid -->
    </test> <!-- FireFoxTest -->
  </suite> <!-- Suite -->
</testng-results>
